orig x_train shape: (4999, 32, 32, 3)
              precision    recall  f1-score   support

           0       0.10      1.00      0.18       505
           1       0.00      0.00      0.00       460
           2       0.00      0.00      0.00       519
           3       0.00      0.00      0.00       486
           4       0.00      0.00      0.00       519
           5       0.00      0.00      0.00       488
           6       0.00      0.00      0.00       518
           7       0.00      0.00      0.00       486
           8       0.00      0.00      0.00       520
           9       0.00      0.00      0.00       498

    accuracy                           0.10      4999
   macro avg       0.01      0.10      0.02      4999
weighted avg       0.01      0.10      0.02      4999

[[505   0   0   0   0   0   0   0   0   0]
 [460   0   0   0   0   0   0   0   0   0]
 [519   0   0   0   0   0   0   0   0   0]
 [486   0   0   0   0   0   0   0   0   0]
 [519   0   0   0   0   0   0   0   0   0]
 [488   0   0   0   0   0   0   0   0   0]
 [518   0   0   0   0   0   0   0   0   0]
 [486   0   0   0   0   0   0   0   0   0]
 [520   0   0   0   0   0   0   0   0   0]
 [498   0   0   0   0   0   0   0   0   0]]
              precision    recall  f1-score   support

           0       0.10      1.00      0.18      1000
           1       0.00      0.00      0.00      1000
           2       0.00      0.00      0.00      1000
           3       0.00      0.00      0.00      1000
           4       0.00      0.00      0.00      1000
           5       0.00      0.00      0.00      1000
           6       0.00      0.00      0.00      1000
           7       0.00      0.00      0.00      1000
           8       0.00      0.00      0.00      1000
           9       0.00      0.00      0.00      1000

    accuracy                           0.10     10000
   macro avg       0.01      0.10      0.02     10000
weighted avg       0.01      0.10      0.02     10000

[[1000    0    0    0    0    0    0    0    0    0]
 [1000    0    0    0    0    0    0    0    0    0]
 [1000    0    0    0    0    0    0    0    0    0]
 [1000    0    0    0    0    0    0    0    0    0]
 [1000    0    0    0    0    0    0    0    0    0]
 [1000    0    0    0    0    0    0    0    0    0]
 [1000    0    0    0    0    0    0    0    0    0]
 [1000    0    0    0    0    0    0    0    0    0]
 [1000    0    0    0    0    0    0    0    0    0]
 [1000    0    0    0    0    0    0    0    0    0]]
